   1               		.file	"main.c"
   2               	__SREG__ = 0x3f
   3               	__SP_H__ = 0x3e
   4               	__SP_L__ = 0x3d
   5               	__CCP__  = 0x34
   6               	__tmp_reg__ = 0
   7               	__zero_reg__ = 1
  15               	.Ltext0:
  16               	.global	USARTInit
  18               	USARTInit:
  19               	.LFB7:
  20               	.LM1:
  21               	.LVL0:
  22               	/* prologue: function */
  23               	/* frame size = 0 */
  24               	.LM2:
  25 0000 2FEF      		ldi r18,lo8(-1)
  26 0002 2093 0000 		sts UQEnd,r18
  27 0006 2091 0000 		lds r18,UQEnd
  28 000a 2093 0000 		sts UQFront,r18
  29               	.LM3:
  30 000e 90BD      		out 64-32,r25
  31               	.LVL1:
  32               	.LM4:
  33 0010 89B9      		out 41-32,r24
  34               	.LM5:
  35 0012 86E8      		ldi r24,lo8(-122)
  36               	.LVL2:
  37 0014 80BD      		out 64-32,r24
  38               	.LM6:
  39 0016 88E9      		ldi r24,lo8(-104)
  40 0018 8AB9      		out 42-32,r24
  41               	.LM7:
  42               	/* #APP */
  43               	 ;  82 "usart.c" 1
  44 001a 7894      		sei
  45               	 ;  0 "" 2
  46               	/* epilogue start */
  47               	.LM8:
  48               	/* #NOAPP */
  49 001c 0895      		ret
  50               	.LFE7:
  52               	.global	__vector_11
  54               	__vector_11:
  55               	.LFB8:
  56               	.LM9:
  57 001e 1F92      		push __zero_reg__
  58 0020 0F92      		push r0
  59 0022 0FB6      		in r0,__SREG__
  60 0024 0F92      		push r0
  61 0026 1124      		clr __zero_reg__
  62 0028 2F93      		push r18
  63 002a 3F93      		push r19
  64 002c 4F93      		push r20
  65 002e 8F93      		push r24
  66 0030 9F93      		push r25
  67 0032 EF93      		push r30
  68 0034 FF93      		push r31
  69               	/* prologue: Signal */
  70               	/* frame size = 0 */
  71               	.LM10:
  72 0036 4CB1      		in r20,44-32
  73               	.LVL3:
  74               	.LM11:
  75 0038 8091 0000 		lds r24,UQEnd
  76 003c 8F33      		cpi r24,lo8(63)
  77 003e 01F4      		brne .L4
  78 0040 8091 0000 		lds r24,UQFront
  79 0044 8823      		tst r24
  80 0046 01F0      		breq .L5
  81               	.L4:
  82 0048 8091 0000 		lds r24,UQEnd
  83 004c 2091 0000 		lds r18,UQFront
  84 0050 9927      		clr r25
  85 0052 87FD      		sbrc r24,7
  86 0054 9095      		com r25
  87 0056 0196      		adiw r24,1
  88 0058 3327      		clr r19
  89 005a 27FD      		sbrc r18,7
  90 005c 3095      		com r19
  91 005e 8217      		cp r24,r18
  92 0060 9307      		cpc r25,r19
  93 0062 01F4      		brne .L6
  94               	.L5:
  95               	.LM12:
  96 0064 8091 0000 		lds r24,UQFront
  97 0068 8F5F      		subi r24,lo8(-(1))
  98 006a 8093 0000 		sts UQFront,r24
  99               	.LM13:
 100 006e 8091 0000 		lds r24,UQFront
 101 0072 8034      		cpi r24,lo8(64)
 102 0074 01F4      		brne .L6
 103 0076 1092 0000 		sts UQFront,__zero_reg__
 104               	.L6:
 105               	.LM14:
 106 007a 8091 0000 		lds r24,UQEnd
 107 007e 8F33      		cpi r24,lo8(63)
 108 0080 01F4      		brne .L7
 109               	.LM15:
 110 0082 1092 0000 		sts UQEnd,__zero_reg__
 111 0086 00C0      		rjmp .L8
 112               	.L7:
 113               	.LM16:
 114 0088 8091 0000 		lds r24,UQEnd
 115 008c 8F5F      		subi r24,lo8(-(1))
 116 008e 8093 0000 		sts UQEnd,r24
 117               	.L8:
 118               	.LM17:
 119 0092 E091 0000 		lds r30,UQEnd
 120 0096 FF27      		clr r31
 121 0098 E7FD      		sbrc r30,7
 122 009a F095      		com r31
 123 009c E050      		subi r30,lo8(-(URBuff))
 124 009e F040      		sbci r31,hi8(-(URBuff))
 125 00a0 4083      		st Z,r20
 126               	.LM18:
 127 00a2 8091 0000 		lds r24,UQFront
 128 00a6 8F3F      		cpi r24,lo8(-1)
 129 00a8 01F4      		brne .L10
 130 00aa 1092 0000 		sts UQFront,__zero_reg__
 131               	.L10:
 132               	/* epilogue start */
 133               	.LM19:
 134 00ae FF91      		pop r31
 135 00b0 EF91      		pop r30
 136 00b2 9F91      		pop r25
 137 00b4 8F91      		pop r24
 138 00b6 4F91      		pop r20
 139               	.LVL4:
 140 00b8 3F91      		pop r19
 141 00ba 2F91      		pop r18
 142 00bc 0F90      		pop r0
 143 00be 0FBE      		out __SREG__,r0
 144 00c0 0F90      		pop r0
 145 00c2 1F90      		pop __zero_reg__
 146 00c4 1895      		reti
 147               	.LFE8:
 149               	.global	UReadData
 151               	UReadData:
 152               	.LFB9:
 153               	.LM20:
 154               	/* prologue: function */
 155               	/* frame size = 0 */
 156               	.LM21:
 157 00c6 8091 0000 		lds r24,UQFront
 158 00ca 8F3F      		cpi r24,lo8(-1)
 159 00cc 01F4      		brne .L12
 160 00ce E0E0      		ldi r30,lo8(0)
 161               	.LVL5:
 162 00d0 00C0      		rjmp .L13
 163               	.LVL6:
 164               	.L12:
 165               	.LM22:
 166 00d2 E091 0000 		lds r30,UQFront
 167 00d6 FF27      		clr r31
 168 00d8 E7FD      		sbrc r30,7
 169 00da F095      		com r31
 170 00dc E050      		subi r30,lo8(-(URBuff))
 171 00de F040      		sbci r31,hi8(-(URBuff))
 172 00e0 E081      		ld r30,Z
 173               	.LVL7:
 174               	.LM23:
 175 00e2 9091 0000 		lds r25,UQFront
 176 00e6 8091 0000 		lds r24,UQEnd
 177 00ea 9817      		cp r25,r24
 178 00ec 01F4      		brne .L14
 179               	.LM24:
 180 00ee 8FEF      		ldi r24,lo8(-1)
 181 00f0 8093 0000 		sts UQEnd,r24
 182 00f4 8091 0000 		lds r24,UQEnd
 183 00f8 8093 0000 		sts UQFront,r24
 184 00fc 00C0      		rjmp .L13
 185               	.L14:
 186               	.LM25:
 187 00fe 8091 0000 		lds r24,UQFront
 188 0102 8F5F      		subi r24,lo8(-(1))
 189 0104 8093 0000 		sts UQFront,r24
 190               	.LM26:
 191 0108 8091 0000 		lds r24,UQFront
 192 010c 8034      		cpi r24,lo8(64)
 193 010e 01F4      		brne .L13
 194               	.LM27:
 195 0110 1092 0000 		sts UQFront,__zero_reg__
 196               	.L13:
 197               	.LM28:
 198 0114 8E2F      		mov r24,r30
 199               	/* epilogue start */
 200 0116 0895      		ret
 201               	.LFE9:
 203               	.global	UWriteData
 205               	UWriteData:
 206               	.LFB10:
 207               	.LM29:
 208               	/* prologue: function */
 209               	/* frame size = 0 */
 210               	.LVL8:
 211               	.L17:
 212               	.LM30:
 213 0118 5D9B      		sbis 43-32,5
 214 011a 00C0      		rjmp .L17
 215               	.LM31:
 216 011c 8CB9      		out 44-32,r24
 217               	/* epilogue start */
 218               	.LM32:
 219 011e 0895      		ret
 220               	.LFE10:
 222               	.global	UDataAvailable
 224               	UDataAvailable:
 225               	.LFB11:
 226               	.LM33:
 227               	/* prologue: function */
 228               	/* frame size = 0 */
 229               	.LM34:
 230 0120 8091 0000 		lds r24,UQFront
 231 0124 8F3F      		cpi r24,lo8(-1)
 232 0126 01F4      		brne .L21
 233 0128 90E0      		ldi r25,lo8(0)
 234 012a 00C0      		rjmp .L22
 235               	.L21:
 236               	.LM35:
 237 012c 9091 0000 		lds r25,UQFront
 238 0130 8091 0000 		lds r24,UQEnd
 239 0134 9817      		cp r25,r24
 240 0136 04F4      		brge .L23
 241               	.LM36:
 242 0138 9091 0000 		lds r25,UQEnd
 243 013c 8091 0000 		lds r24,UQFront
 244 0140 9F5F      		subi r25,lo8(-(1))
 245 0142 00C0      		rjmp .L26
 246               	.L23:
 247               	.LM37:
 248 0144 9091 0000 		lds r25,UQFront
 249 0148 8091 0000 		lds r24,UQEnd
 250 014c 8917      		cp r24,r25
 251 014e 04F0      		brlt .L24
 252 0150 91E0      		ldi r25,lo8(1)
 253 0152 00C0      		rjmp .L22
 254               	.L24:
 255               	.LM38:
 256 0154 9091 0000 		lds r25,UQEnd
 257 0158 8091 0000 		lds r24,UQFront
 258 015c 9F5B      		subi r25,lo8(-(65))
 259               	.L26:
 260 015e 981B      		sub r25,r24
 261               	.L22:
 262               	.LM39:
 263 0160 892F      		mov r24,r25
 264               	/* epilogue start */
 265 0162 0895      		ret
 266               	.LFE11:
 268               	.global	UWriteString
 270               	UWriteString:
 271               	.LFB12:
 272               	.LM40:
 273               	.LVL9:
 274               	/* prologue: function */
 275               	/* frame size = 0 */
 276 0164 FC01      		movw r30,r24
 277 0166 00C0      		rjmp .L28
 278               	.LVL10:
 279               	.L31:
 280               	.LBB149:
 281               	.LBB150:
 282               	.LM41:
 283 0168 5D9B      		sbis 43-32,5
 284 016a 00C0      		rjmp .L31
 285               	.LM42:
 286 016c 8CB9      		out 44-32,r24
 287               	.LBE150:
 288               	.LBE149:
 289               	.LM43:
 290 016e 3196      		adiw r30,1
 291               	.LVL11:
 292               	.L28:
 293               	.LM44:
 294 0170 8081      		ld r24,Z
 295 0172 8823      		tst r24
 296 0174 01F4      		brne .L31
 297               	/* epilogue start */
 298               	.LM45:
 299 0176 0895      		ret
 300               	.LFE12:
 302               	.global	UReadBuffer
 304               	UReadBuffer:
 305               	.LFB13:
 306               	.LM46:
 307               	.LVL12:
 308 0178 EF92      		push r14
 309 017a FF92      		push r15
 310 017c 0F93      		push r16
 311 017e 1F93      		push r17
 312 0180 CF93      		push r28
 313 0182 DF93      		push r29
 314               	/* prologue: function */
 315               	/* frame size = 0 */
 316 0184 7C01      		movw r14,r24
 317 0186 8B01      		movw r16,r22
 318               	.LM47:
 319 0188 C0E0      		ldi r28,lo8(0)
 320 018a D0E0      		ldi r29,hi8(0)
 321               	.LVL13:
 322 018c 00C0      		rjmp .L34
 323               	.LVL14:
 324               	.L35:
 325               	.LM48:
 326 018e 00D0      		rcall UReadData
 327 0190 F701      		movw r30,r14
 328 0192 EC0F      		add r30,r28
 329 0194 FD1F      		adc r31,r29
 330 0196 8083      		st Z,r24
 331               	.LM49:
 332 0198 2196      		adiw r28,1
 333               	.LVL15:
 334               	.L34:
 335 019a C017      		cp r28,r16
 336 019c D107      		cpc r29,r17
 337 019e 00F0      		brlo .L35
 338               	/* epilogue start */
 339               	.LM50:
 340 01a0 DF91      		pop r29
 341 01a2 CF91      		pop r28
 342               	.LVL16:
 343 01a4 1F91      		pop r17
 344 01a6 0F91      		pop r16
 345               	.LVL17:
 346 01a8 FF90      		pop r15
 347 01aa EF90      		pop r14
 348               	.LVL18:
 349 01ac 0895      		ret
 350               	.LFE13:
 352               	.global	UFlushBuffer
 354               	UFlushBuffer:
 355               	.LFB14:
 356               	.LM51:
 357               	/* prologue: function */
 358               	/* frame size = 0 */
 359 01ae 00C0      		rjmp .L38
 360               	.L39:
 361               	.LM52:
 362 01b0 00D0      		rcall UReadData
 363               	.L38:
 364               	.LM53:
 365 01b2 00D0      		rcall UDataAvailable
 366 01b4 8823      		tst r24
 367 01b6 01F4      		brne .L39
 368               	/* epilogue start */
 369               	.LM54:
 370 01b8 0895      		ret
 371               	.LFE14:
 373               	.global	CRC16
 375               	CRC16:
 376               	.LFB15:
 377               	.LM55:
 378               	.LVL19:
 379 01ba 0F93      		push r16
 380 01bc 1F93      		push r17
 381 01be CF93      		push r28
 382 01c0 DF93      		push r29
 383               	/* prologue: function */
 384               	/* frame size = 0 */
 385 01c2 EC01      		movw r28,r24
 386               	.LM56:
 387 01c4 2FEF      		ldi r18,lo8(-1)
 388 01c6 3FEF      		ldi r19,hi8(-1)
 389               	.LVL20:
 390 01c8 A0E0      		ldi r26,lo8(0)
 391 01ca B0E0      		ldi r27,hi8(0)
 392               	.LVL21:
 393               	.LBB151:
 394               	.LBB152:
 395               	.LM57:
 396 01cc 01E0      		ldi r16,lo8(-24575)
 397 01ce 10EA      		ldi r17,hi8(-24575)
 398 01d0 00C0      		rjmp .L42
 399               	.LVL22:
 400               	.L46:
 401               	.LBE152:
 402               	.LM58:
 403 01d2 FE01      		movw r30,r28
 404 01d4 EA0F      		add r30,r26
 405 01d6 FB1F      		adc r31,r27
 406 01d8 8081      		ld r24,Z
 407               	.LVL23:
 408 01da 90E0      		ldi r25,lo8(0)
 409 01dc 2827      		eor r18,r24
 410 01de 3927      		eor r19,r25
 411 01e0 88E0      		ldi r24,lo8(8)
 412 01e2 90E0      		ldi r25,hi8(8)
 413               	.LVL24:
 414               	.L45:
 415 01e4 A901      		movw r20,r18
 416 01e6 5695      		lsr r21
 417 01e8 4795      		ror r20
 418               	.LVL25:
 419               	.LBB153:
 420               	.LM59:
 421 01ea 20FF      		sbrs r18,0
 422 01ec 00C0      		rjmp .L43
 423               	.LVL26:
 424               	.LM60:
 425 01ee 9A01      		movw r18,r20
 426 01f0 2027      		eor r18,r16
 427 01f2 3127      		eor r19,r17
 428 01f4 00C0      		rjmp .L44
 429               	.LVL27:
 430               	.L43:
 431               	.LM61:
 432 01f6 9A01      		movw r18,r20
 433               	.L44:
 434               	.LM62:
 435 01f8 0197      		sbiw r24,1
 436 01fa 01F4      		brne .L45
 437               	.LBE153:
 438               	.LM63:
 439 01fc 1196      		adiw r26,1
 440               	.LVL28:
 441               	.L42:
 442 01fe A617      		cp r26,r22
 443 0200 B707      		cpc r27,r23
 444 0202 04F0      		brlt .L46
 445               	.LBE151:
 446               	.LM64:
 447 0204 C901      		movw r24,r18
 448               	.LVL29:
 449               	/* epilogue start */
 450 0206 DF91      		pop r29
 451 0208 CF91      		pop r28
 452               	.LVL30:
 453 020a 1F91      		pop r17
 454 020c 0F91      		pop r16
 455 020e 0895      		ret
 456               	.LFE15:
 458               	.global	respondAddressError
 460               	respondAddressError:
 461               	.LFB16:
 462               	.LM65:
 463               	/* prologue: function */
 464               	/* frame size = 0 */
 465               	.LM66:
 466 0210 84E8      		ldi r24,lo8(-124)
 467 0212 8093 0000 		sts rasp_g+1,r24
 468               	.LM67:
 469 0216 82E0      		ldi r24,lo8(2)
 470 0218 8093 0000 		sts rasp_g+3,r24
 471               	.LM68:
 472 021c 80E0      		ldi r24,lo8(rasp_g)
 473 021e 90E0      		ldi r25,hi8(rasp_g)
 474 0220 63E0      		ldi r22,lo8(3)
 475 0222 70E0      		ldi r23,hi8(3)
 476 0224 00D0      		rcall CRC16
 477               	.LM69:
 478 0226 8093 0000 		sts rasp_g+4,r24
 479               	.LM70:
 480 022a 9093 0000 		sts rasp_g+5,r25
 481 022e E0E0      		ldi r30,lo8(rasp_g)
 482 0230 F0E0      		ldi r31,hi8(rasp_g)
 483               	.L51:
 484               	.LBB154:
 485               	.LM71:
 486 0232 8081      		ld r24,Z
 487               	.L50:
 488               	.LBB155:
 489               	.LBB156:
 490               	.LM72:
 491 0234 5D9B      		sbis 43-32,5
 492 0236 00C0      		rjmp .L50
 493               	.LM73:
 494 0238 8CB9      		out 44-32,r24
 495 023a 3196      		adiw r30,1
 496               	.LBE156:
 497               	.LBE155:
 498               	.LM74:
 499 023c 80E0      		ldi r24,hi8(rasp_g+6)
 500 023e E030      		cpi r30,lo8(rasp_g+6)
 501 0240 F807      		cpc r31,r24
 502 0242 01F4      		brne .L51
 503               	/* epilogue start */
 504               	.LBE154:
 505               	.LM75:
 506 0244 0895      		ret
 507               	.LFE16:
 509               	.global	respondFunctionError
 511               	respondFunctionError:
 512               	.LFB17:
 513               	.LM76:
 514               	.LVL31:
 515               	/* prologue: function */
 516               	/* frame size = 0 */
 517               	.LM77:
 518 0246 8058      		subi r24,lo8(-(-128))
 519               	.LVL32:
 520 0248 8093 0000 		sts rasp_g+1,r24
 521               	.LM78:
 522 024c 81E0      		ldi r24,lo8(1)
 523 024e 8093 0000 		sts rasp_g+3,r24
 524               	.LM79:
 525 0252 80E0      		ldi r24,lo8(rasp_g)
 526 0254 90E0      		ldi r25,hi8(rasp_g)
 527 0256 63E0      		ldi r22,lo8(3)
 528 0258 70E0      		ldi r23,hi8(3)
 529 025a 00D0      		rcall CRC16
 530               	.LM80:
 531 025c 8093 0000 		sts rasp_g+4,r24
 532               	.LM81:
 533 0260 9093 0000 		sts rasp_g+5,r25
 534 0264 E0E0      		ldi r30,lo8(rasp_g)
 535 0266 F0E0      		ldi r31,hi8(rasp_g)
 536               	.L57:
 537               	.LBB157:
 538               	.LM82:
 539 0268 8081      		ld r24,Z
 540               	.L56:
 541               	.LBB158:
 542               	.LBB159:
 543               	.LM83:
 544 026a 5D9B      		sbis 43-32,5
 545 026c 00C0      		rjmp .L56
 546               	.LM84:
 547 026e 8CB9      		out 44-32,r24
 548 0270 3196      		adiw r30,1
 549               	.LBE159:
 550               	.LBE158:
 551               	.LM85:
 552 0272 80E0      		ldi r24,hi8(rasp_g+6)
 553 0274 E030      		cpi r30,lo8(rasp_g+6)
 554 0276 F807      		cpc r31,r24
 555 0278 01F4      		brne .L57
 556               	/* epilogue start */
 557               	.LBE157:
 558               	.LM86:
 559 027a 0895      		ret
 560               	.LFE17:
 562               	.global	listen485
 564               	listen485:
 565               	.LFB22:
 566               	.LM87:
 567               	/* prologue: function */
 568               	/* frame size = 0 */
 569               	.LBB160:
 570               	.LBB161:
 571               	.LBB162:
 572               	.LBB163:
 573               	.LM88:
 574 027c 80E4      		ldi r24,lo8(-25536)
 575 027e 9CE9      		ldi r25,hi8(-25536)
 576               	.LVL33:
 577               	/* #APP */
 578               	 ;  105 "c:/winavr-20100110/lib/gcc/../../avr/include/util/delay_basic.h" 1
 579 0280 0197      		1: sbiw r24,1
 580 0282 01F4      		brne 1b
 581               	 ;  0 "" 2
 582               	/* #NOAPP */
 583               	.LBE163:
 584               	.LBE162:
 585               	.LBE161:
 586               	.LBE160:
 587               	.LM89:
 588 0284 AB98      		cbi 53-32,3
 589               	/* epilogue start */
 590               	.LM90:
 591 0286 0895      		ret
 592               	.LFE22:
 594               	.global	clearBuffer
 596               	clearBuffer:
 597               	.LFB24:
 598               	.LM91:
 599               	.LVL34:
 600               	/* prologue: function */
 601               	/* frame size = 0 */
 602               	.LM92:
 603 0288 20E0      		ldi r18,lo8(0)
 604 028a 30E0      		ldi r19,hi8(0)
 605               	.LVL35:
 606               	.L64:
 607               	.LBB164:
 608               	.LM93:
 609 028c FC01      		movw r30,r24
 610 028e E20F      		add r30,r18
 611 0290 F31F      		adc r31,r19
 612 0292 1082      		st Z,__zero_reg__
 613               	.LM94:
 614 0294 2F5F      		subi r18,lo8(-(1))
 615 0296 3F4F      		sbci r19,hi8(-(1))
 616 0298 2A30      		cpi r18,10
 617 029a 3105      		cpc r19,__zero_reg__
 618 029c 01F4      		brne .L64
 619               	/* epilogue start */
 620               	.LBE164:
 621               	.LM95:
 622 029e 0895      		ret
 623               	.LFE24:
 625               		.data
 626               	.LC0:
 627 0000 4552 5200 		.string	"ERR"
 628               	.LC1:
 629 0004 2E00      		.string	"."
 630               	.LC2:
 631 0006 2D34 322E 		.string	"-42."
 631      00
 632               	.LC3:
 633 000b 2D31 332E 		.string	"-13."
 633      00
 634               		.text
 635               	.global	readTempHum
 637               	readTempHum:
 638               	.LFB25:
 639               	.LM96:
 640 02a0 2F92      		push r2
 641 02a2 3F92      		push r3
 642 02a4 4F92      		push r4
 643 02a6 5F92      		push r5
 644 02a8 6F92      		push r6
 645 02aa 7F92      		push r7
 646 02ac 8F92      		push r8
 647 02ae 9F92      		push r9
 648 02b0 AF92      		push r10
 649 02b2 BF92      		push r11
 650 02b4 EF92      		push r14
 651 02b6 FF92      		push r15
 652 02b8 0F93      		push r16
 653 02ba 1F93      		push r17
 654 02bc DF93      		push r29
 655 02be CF93      		push r28
 656 02c0 CDB7      		in r28,__SP_L__
 657 02c2 DEB7      		in r29,__SP_H__
 658 02c4 6697      		sbiw r28,22
 659 02c6 0FB6      		in __tmp_reg__,__SREG__
 660 02c8 F894      		cli
 661 02ca DEBF      		out __SP_H__,r29
 662 02cc 0FBE      		out __SREG__,__tmp_reg__
 663 02ce CDBF      		out __SP_L__,r28
 664               	/* prologue: function */
 665               	/* frame size = 22 */
 666               	.LM97:
 667 02d0 9E01      		movw r18,r28
 668 02d2 2B5F      		subi r18,lo8(-(5))
 669 02d4 3F4F      		sbci r19,hi8(-(5))
 670 02d6 388B      		std Y+16,r19
 671 02d8 2F87      		std Y+15,r18
 672 02da F901      		movw r30,r18
 673               	.LBB165:
 674               	.LBB166:
 675               	.LBB167:
 676 02dc 5901      		movw r10,r18
 677 02de CE01      		movw r24,r28
 678 02e0 0F96      		adiw r24,15
 679 02e2 9E8B      		std Y+22,r25
 680 02e4 8D8B      		std Y+21,r24
 681               	.L68:
 682               	.LM98:
 683 02e6 1192      		st Z+,__zero_reg__
 684               	.LM99:
 685 02e8 2D89      		ldd r18,Y+21
 686 02ea 3E89      		ldd r19,Y+22
 687 02ec E217      		cp r30,r18
 688 02ee F307      		cpc r31,r19
 689 02f0 01F4      		brne .L68
 690               	.LBE167:
 691               	.LBE166:
 692               	.LBE165:
 693               	.LM100:
 694 02f2 C501      		movw r24,r10
 695 02f4 60E0      		ldi r22,lo8(.LC0)
 696 02f6 70E0      		ldi r23,hi8(.LC0)
 697 02f8 00D0      		rcall strcpy
 698               	.LM101:
 699 02fa 00D0      		rcall readTemp
 700 02fc 7B01      		movw r14,r22
 701 02fe 8C01      		movw r16,r24
 702               	.LVL36:
 703               	.LM102:
 704 0300 00D0      		rcall readHum
 705 0302 698B      		std Y+17,r22
 706 0304 7A8B      		std Y+18,r23
 707 0306 8B8B      		std Y+19,r24
 708 0308 9C8B      		std Y+20,r25
 709               	.LVL37:
 710               	.LM103:
 711 030a C801      		movw r24,r16
 712 030c B701      		movw r22,r14
 713 030e 00D0      		rcall __fixsfsi
 714 0310 1B01      		movw r2,r22
 715 0312 2C01      		movw r4,r24
 716 0314 7093 0000 		sts (temp_u)+1,r23
 717 0318 6093 0000 		sts temp_u,r22
 718               	.LM104:
 719 031c C801      		movw r24,r16
 720 031e B701      		movw r22,r14
 721 0320 20E0      		ldi r18,lo8(0x42c80000)
 722 0322 30E0      		ldi r19,hi8(0x42c80000)
 723 0324 48EC      		ldi r20,hlo8(0x42c80000)
 724 0326 52E4      		ldi r21,hhi8(0x42c80000)
 725 0328 00D0      		rcall __mulsf3
 726 032a 00D0      		rcall __fixsfsi
 727 032c DC01      		movw r26,r24
 728 032e CB01      		movw r24,r22
 729 0330 44E6      		ldi r20,lo8(100)
 730 0332 E42E      		mov r14,r20
 731 0334 F12C      		mov r15,__zero_reg__
 732               	.LVL38:
 733 0336 2E9C      		mul r2,r14
 734 0338 B001      		movw r22,r0
 735 033a 2F9C      		mul r2,r15
 736 033c 700D      		add r23,r0
 737 033e 3E9C      		mul r3,r14
 738 0340 700D      		add r23,r0
 739 0342 1124      		clr r1
 740 0344 00D0      		rcall __divmodhi4
 741 0346 6AE0      		ldi r22,lo8(10)
 742 0348 70E0      		ldi r23,hi8(10)
 743 034a 00D0      		rcall __divmodhi4
 744 034c 7093 0000 		sts (temp_d)+1,r23
 745 0350 6093 0000 		sts temp_d,r22
 746               	.LM105:
 747 0354 6989      		ldd r22,Y+17
 748 0356 7A89      		ldd r23,Y+18
 749 0358 8B89      		ldd r24,Y+19
 750 035a 9C89      		ldd r25,Y+20
 751 035c 00D0      		rcall __fixsfsi
 752 035e 3B01      		movw r6,r22
 753 0360 4C01      		movw r8,r24
 754 0362 7093 0000 		sts (hum_u)+1,r23
 755 0366 6093 0000 		sts hum_u,r22
 756               	.LM106:
 757 036a 6989      		ldd r22,Y+17
 758 036c 7A89      		ldd r23,Y+18
 759 036e 8B89      		ldd r24,Y+19
 760 0370 9C89      		ldd r25,Y+20
 761 0372 20E0      		ldi r18,lo8(0x42c80000)
 762 0374 30E0      		ldi r19,hi8(0x42c80000)
 763 0376 48EC      		ldi r20,hlo8(0x42c80000)
 764 0378 52E4      		ldi r21,hhi8(0x42c80000)
 765 037a 00D0      		rcall __mulsf3
 766 037c 00D0      		rcall __fixsfsi
 767 037e DC01      		movw r26,r24
 768 0380 CB01      		movw r24,r22
 769 0382 6E9C      		mul r6,r14
 770 0384 B001      		movw r22,r0
 771 0386 6F9C      		mul r6,r15
 772 0388 700D      		add r23,r0
 773 038a 7E9C      		mul r7,r14
 774 038c 700D      		add r23,r0
 775 038e 1124      		clr r1
 776 0390 00D0      		rcall __divmodhi4
 777 0392 6AE0      		ldi r22,lo8(10)
 778 0394 70E0      		ldi r23,hi8(10)
 779 0396 00D0      		rcall __divmodhi4
 780 0398 7093 0000 		sts (hum_d)+1,r23
 781 039c 6093 0000 		sts hum_d,r22
 782               	.LM107:
 783 03a0 8091 0000 		lds r24,readParameter
 784 03a4 8E01      		movw r16,r28
 785 03a6 0F5F      		subi r16,lo8(-(1))
 786 03a8 1F4F      		sbci r17,hi8(-(1))
 787 03aa 8334      		cpi r24,lo8(67)
 788 03ac 01F4      		brne .L69
 789               	.LM108:
 790 03ae C101      		movw r24,r2
 791 03b0 B501      		movw r22,r10
 792 03b2 4AE0      		ldi r20,lo8(10)
 793 03b4 50E0      		ldi r21,hi8(10)
 794 03b6 00D0      		rcall itoa
 795               	.LM109:
 796 03b8 8091 0000 		lds r24,temp_d
 797 03bc 9091 0000 		lds r25,(temp_d)+1
 798 03c0 00C0      		rjmp .L83
 799               	.L69:
 800               	.LM110:
 801 03c2 C301      		movw r24,r6
 802 03c4 B501      		movw r22,r10
 803 03c6 4AE0      		ldi r20,lo8(10)
 804 03c8 50E0      		ldi r21,hi8(10)
 805 03ca 00D0      		rcall itoa
 806               	.LM111:
 807 03cc 8091 0000 		lds r24,hum_d
 808 03d0 9091 0000 		lds r25,(hum_d)+1
 809               	.L83:
 810 03d4 B801      		movw r22,r16
 811 03d6 4AE0      		ldi r20,lo8(10)
 812 03d8 50E0      		ldi r21,hi8(10)
 813 03da 00D0      		rcall itoa
 814               	.LM112:
 815 03dc C501      		movw r24,r10
 816 03de 60E0      		ldi r22,lo8(.LC1)
 817 03e0 70E0      		ldi r23,hi8(.LC1)
 818 03e2 00D0      		rcall strcat
 819               	.LM113:
 820 03e4 C501      		movw r24,r10
 821 03e6 B801      		movw r22,r16
 822 03e8 00D0      		rcall strcat
 823               	.LM114:
 824 03ea C29A      		sbi 56-32,2
 825               	.LM115:
 826 03ec 00D0      		rcall I2CStart
 827               	.LM116:
 828 03ee 00D0      		rcall I2C_IsBusy
 829 03f0 8823      		tst r24
 830 03f2 01F0      		breq .+2
 831 03f4 00C0      		rjmp .L71
 832               	.LBB168:
 833               	.LM117:
 834 03f6 88E0      		ldi r24,lo8(8)
 835 03f8 00D0      		rcall I2CWriteByte
 836               	.LM118:
 837 03fa 8091 0000 		lds r24,readParameter
 838 03fe 00D0      		rcall I2CWriteByte
 839               	.LM119:
 840 0400 8091 0000 		lds r24,readParameter
 841 0404 8334      		cpi r24,lo8(67)
 842 0406 01F4      		brne .L72
 843 0408 8E01      		movw r16,r28
 844 040a 0B5F      		subi r16,lo8(-(5))
 845 040c 1F4F      		sbci r17,hi8(-(5))
 846 040e C801      		movw r24,r16
 847 0410 60E0      		ldi r22,lo8(.LC2)
 848 0412 70E0      		ldi r23,hi8(.LC2)
 849 0414 00D0      		rcall strstr
 850 0416 00C0      		rjmp .L85
 851               	.L88:
 852               	.LM120:
 853 0418 C801      		movw r24,r16
 854 041a 60E0      		ldi r22,lo8(.LC0)
 855 041c 70E0      		ldi r23,hi8(.LC0)
 856 041e 00D0      		rcall strcpy
 857               	.L73:
 858               	.LBB169:
 859               	.LM121:
 860 0420 8D81      		ldd r24,Y+5
 861 0422 00D0      		rcall I2CWriteByte
 862 0424 8E81      		ldd r24,Y+6
 863 0426 00D0      		rcall I2CWriteByte
 864 0428 8F81      		ldd r24,Y+7
 865 042a 00D0      		rcall I2CWriteByte
 866 042c 8885      		ldd r24,Y+8
 867 042e 00D0      		rcall I2CWriteByte
 868               	.LBE169:
 869               	.LM122:
 870 0430 1A86      		std Y+10,__zero_reg__
 871               	.LM123:
 872 0432 80E0      		ldi r24,lo8(0)
 873 0434 00D0      		rcall I2CWriteByte
 874               	.LM124:
 875 0436 8091 0000 		lds r24,readParameter
 876 043a 8334      		cpi r24,lo8(67)
 877 043c 01F4      		brne .L82
 878 043e 00C0      		rjmp .L87
 879               	.L72:
 880               	.LM125:
 881 0440 8535      		cpi r24,lo8(85)
 882 0442 01F4      		brne .L73
 883 0444 8E01      		movw r16,r28
 884 0446 0B5F      		subi r16,lo8(-(5))
 885 0448 1F4F      		sbci r17,hi8(-(5))
 886 044a C801      		movw r24,r16
 887 044c 60E0      		ldi r22,lo8(.LC3)
 888 044e 70E0      		ldi r23,hi8(.LC3)
 889 0450 00D0      		rcall strstr
 890               	.L85:
 891 0452 0097      		sbiw r24,0
 892 0454 01F4      		brne .L88
 893 0456 00C0      		rjmp .L73
 894               	.L87:
 895               	.LM126:
 896 0458 85E5      		ldi r24,lo8(85)
 897 045a 00C0      		rjmp .L86
 898               	.L82:
 899               	.LM127:
 900 045c 83E4      		ldi r24,lo8(67)
 901               	.L86:
 902 045e 8093 0000 		sts readParameter,r24
 903               	.LM128:
 904 0462 00D0      		rcall I2CStop
 905               	.L77:
 906               	.LBB170:
 907               	.LBB171:
 908               	.LBB172:
 909               	.LM129:
 910 0464 EF85      		ldd r30,Y+15
 911 0466 F889      		ldd r31,Y+16
 912 0468 1192      		st Z+,__zero_reg__
 913 046a F88B      		std Y+16,r31
 914 046c EF87      		std Y+15,r30
 915               	.LM130:
 916 046e 2D89      		ldd r18,Y+21
 917 0470 3E89      		ldd r19,Y+22
 918 0472 E217      		cp r30,r18
 919 0474 F307      		cpc r31,r19
 920 0476 01F4      		brne .L77
 921 0478 00C0      		rjmp .L78
 922               	.L71:
 923               	.LBE172:
 924               	.LBE171:
 925               	.LBE170:
 926               	.LBE168:
 927               	.LM131:
 928 047a AB9A      		sbi 53-32,3
 929               	.LBB173:
 930               	.LBB174:
 931               	.LBB175:
 932               	.LBB176:
 933               	.LM132:
 934 047c 80E2      		ldi r24,lo8(20000)
 935 047e 9EE4      		ldi r25,hi8(20000)
 936 0480 FC01      		movw r30,r24
 937               	.LVL39:
 938               	/* #APP */
 939               	 ;  105 "c:/winavr-20100110/lib/gcc/../../avr/include/util/delay_basic.h" 1
 940 0482 3197      		1: sbiw r30,1
 941 0484 01F4      		brne 1b
 942               	 ;  0 "" 2
 943               	/* #NOAPP */
 944               	.LBE176:
 945               	.LBE175:
 946               	.LBE174:
 947               	.LBE173:
 948               	.LM133:
 949 0486 AB98      		cbi 53-32,3
 950               	.LBB177:
 951               	.LBB178:
 952               	.LBB179:
 953               	.LBB180:
 954               	.LM134:
 955               	/* #APP */
 956               	 ;  105 "c:/winavr-20100110/lib/gcc/../../avr/include/util/delay_basic.h" 1
 957 0488 0197      		1: sbiw r24,1
 958 048a 01F4      		brne 1b
 959               	 ;  0 "" 2
 960               	.LVL40:
 961               	/* #NOAPP */
 962               	.L78:
 963               	.LBE180:
 964               	.LBE179:
 965               	.LBE178:
 966               	.LBE177:
 967               	.LM135:
 968 048c 88B3      		in r24,56-32
 969               	.LVL41:
 970 048e 94E0      		ldi r25,lo8(4)
 971 0490 8927      		eor r24,r25
 972 0492 88BB      		out 56-32,r24
 973               	/* epilogue start */
 974               	.LM136:
 975 0494 6696      		adiw r28,22
 976 0496 0FB6      		in __tmp_reg__,__SREG__
 977 0498 F894      		cli
 978 049a DEBF      		out __SP_H__,r29
 979 049c 0FBE      		out __SREG__,__tmp_reg__
 980 049e CDBF      		out __SP_L__,r28
 981 04a0 CF91      		pop r28
 982 04a2 DF91      		pop r29
 983 04a4 1F91      		pop r17
 984 04a6 0F91      		pop r16
 985 04a8 FF90      		pop r15
 986 04aa EF90      		pop r14
 987 04ac BF90      		pop r11
 988 04ae AF90      		pop r10
 989 04b0 9F90      		pop r9
 990 04b2 8F90      		pop r8
 991 04b4 7F90      		pop r7
 992 04b6 6F90      		pop r6
 993 04b8 5F90      		pop r5
 994 04ba 4F90      		pop r4
 995 04bc 3F90      		pop r3
 996 04be 2F90      		pop r2
 997 04c0 0895      		ret
 998               	.LFE25:
 1000               	.global	writeUmidLimits
 1002               	writeUmidLimits:
 1003               	.LFB21:
 1004               	.LM137:
 1005               	/* prologue: function */
 1006               	/* frame size = 0 */
 1007               	.LM138:
 1008 04c2 8BE0      		ldi r24,lo8(11)
 1009 04c4 90E0      		ldi r25,hi8(11)
 1010 04c6 6091 0000 		lds r22,umid_min
 1011 04ca 00D0      		rcall __eewr_byte_m8
 1012               	.LM139:
 1013 04cc 8CE0      		ldi r24,lo8(12)
 1014 04ce 90E0      		ldi r25,hi8(12)
 1015 04d0 6091 0000 		lds r22,umid_max
 1016 04d4 00D0      		rcall __eewr_byte_m8
 1017               	/* epilogue start */
 1018               	.LM140:
 1019 04d6 0895      		ret
 1020               	.LFE21:
 1022               	.global	writeTempLimits
 1024               	writeTempLimits:
 1025               	.LFB20:
 1026               	.LM141:
 1027               	/* prologue: function */
 1028               	/* frame size = 0 */
 1029               	.LM142:
 1030 04d8 81E0      		ldi r24,lo8(1)
 1031 04da 90E0      		ldi r25,hi8(1)
 1032 04dc 6091 0000 		lds r22,temp_min
 1033 04e0 00D0      		rcall __eewr_byte_m8
 1034               	.LM143:
 1035 04e2 82E0      		ldi r24,lo8(2)
 1036 04e4 90E0      		ldi r25,hi8(2)
 1037 04e6 6091 0000 		lds r22,temp_max
 1038 04ea 00D0      		rcall __eewr_byte_m8
 1039               	/* epilogue start */
 1040               	.LM144:
 1041 04ec 0895      		ret
 1042               	.LFE20:
 1044               	.global	respondModbus
 1046               	respondModbus:
 1047               	.LFB23:
 1048               	.LM145:
 1049               	.LVL42:
 1050 04ee 0F93      		push r16
 1051 04f0 1F93      		push r17
 1052 04f2 CF93      		push r28
 1053 04f4 DF93      		push r29
 1054               	/* prologue: function */
 1055               	/* frame size = 0 */
 1056 04f6 EC01      		movw r28,r24
 1057               	.LM146:
 1058 04f8 85B3      		in r24,53-32
 1059               	.LVL43:
 1060 04fa 98E0      		ldi r25,lo8(8)
 1061 04fc 8927      		eor r24,r25
 1062 04fe 85BB      		out 53-32,r24
 1063               	.LBB181:
 1064               	.LBB182:
 1065               	.LBB183:
 1066               	.LBB184:
 1067               	.LM147:
 1068 0500 00E4      		ldi r16,lo8(-25536)
 1069 0502 1CE9      		ldi r17,hi8(-25536)
 1070 0504 C801      		movw r24,r16
 1071               	.LVL44:
 1072               	/* #APP */
 1073               	 ;  105 "c:/winavr-20100110/lib/gcc/../../avr/include/util/delay_basic.h" 1
 1074 0506 0197      		1: sbiw r24,1
 1075 0508 01F4      		brne 1b
 1076               	 ;  0 "" 2
 1077               	/* #NOAPP */
 1078               	.LBE184:
 1079               	.LBE183:
 1080               	.LBE182:
 1081               	.LBE181:
 1082               	.LM148:
 1083 050a 8881      		ld r24,Y
 1084               	.LVL45:
 1085 050c 8530      		cpi r24,lo8(5)
 1086 050e 01F0      		breq .+2
 1087 0510 00C0      		rjmp .L119
 1088               	.LM149:
 1089 0512 4981      		ldd r20,Y+1
 1090 0514 4430      		cpi r20,lo8(4)
 1091 0516 01F4      		brne .+2
 1092 0518 00C0      		rjmp .L95
 1093               	.LM150:
 1094 051a 4630      		cpi r20,lo8(6)
 1095 051c 01F4      		brne .L96
 1096               	.LM151:
 1097 051e 8B81      		ldd r24,Y+3
 1098 0520 8130      		cpi r24,lo8(1)
 1099 0522 01F4      		brne .L97
 1100               	.LM152:
 1101 0524 8C81      		ldd r24,Y+4
 1102 0526 8093 0000 		sts temp_min,r24
 1103               	.LM153:
 1104 052a 8D81      		ldd r24,Y+5
 1105 052c 8093 0000 		sts temp_max,r24
 1106               	.LM154:
 1107 0530 00D0      		rcall writeTempLimits
 1108 0532 80E0      		ldi r24,lo8(0)
 1109 0534 90E0      		ldi r25,hi8(0)
 1110               	.L99:
 1111               	.LBB185:
 1112               	.LM155:
 1113 0536 FE01      		movw r30,r28
 1114 0538 E80F      		add r30,r24
 1115 053a F91F      		adc r31,r25
 1116 053c E081      		ld r30,Z
 1117               	.L98:
 1118               	.LBB186:
 1119               	.LBB187:
 1120               	.LM156:
 1121 053e 5D9B      		sbis 43-32,5
 1122 0540 00C0      		rjmp .L98
 1123               	.LM157:
 1124 0542 ECB9      		out 44-32,r30
 1125 0544 0196      		adiw r24,1
 1126               	.LBE187:
 1127               	.LBE186:
 1128               	.LM158:
 1129 0546 8830      		cpi r24,8
 1130 0548 9105      		cpc r25,__zero_reg__
 1131 054a 01F4      		brne .L99
 1132 054c 00C0      		rjmp .L130
 1133               	.L97:
 1134               	.LBE185:
 1135               	.LM159:
 1136 054e 8230      		cpi r24,lo8(2)
 1137 0550 01F4      		brne .L100
 1138               	.LM160:
 1139 0552 8C81      		ldd r24,Y+4
 1140 0554 8093 0000 		sts umid_min,r24
 1141               	.LM161:
 1142 0558 8D81      		ldd r24,Y+5
 1143 055a 8093 0000 		sts umid_max,r24
 1144               	.LM162:
 1145 055e 00D0      		rcall writeUmidLimits
 1146 0560 80E0      		ldi r24,lo8(0)
 1147 0562 90E0      		ldi r25,hi8(0)
 1148               	.L102:
 1149               	.LBB188:
 1150               	.LM163:
 1151 0564 FE01      		movw r30,r28
 1152 0566 E80F      		add r30,r24
 1153 0568 F91F      		adc r31,r25
 1154 056a E081      		ld r30,Z
 1155               	.L101:
 1156               	.LBB189:
 1157               	.LBB190:
 1158               	.LM164:
 1159 056c 5D9B      		sbis 43-32,5
 1160 056e 00C0      		rjmp .L101
 1161               	.LM165:
 1162 0570 ECB9      		out 44-32,r30
 1163 0572 0196      		adiw r24,1
 1164               	.LBE190:
 1165               	.LBE189:
 1166               	.LM166:
 1167 0574 8830      		cpi r24,8
 1168 0576 9105      		cpc r25,__zero_reg__
 1169 0578 01F4      		brne .L102
 1170 057a 00C0      		rjmp .L130
 1171               	.L100:
 1172               	.LBE188:
 1173               	.LM167:
 1174 057c 86E0      		ldi r24,lo8(6)
 1175 057e 00C0      		rjmp .L132
 1176               	.L96:
 1177               	.LM168:
 1178 0580 4330      		cpi r20,lo8(3)
 1179 0582 01F4      		brne .L103
 1180               	.LBB191:
 1181               	.LM169:
 1182 0584 4093 0000 		sts rasp+1,r20
 1183               	.LM170:
 1184 0588 82E0      		ldi r24,lo8(2)
 1185 058a 8093 0000 		sts rasp+2,r24
 1186               	.LM171:
 1187 058e 8B81      		ldd r24,Y+3
 1188 0590 8130      		cpi r24,lo8(1)
 1189 0592 01F4      		brne .L104
 1190               	.LM172:
 1191 0594 8091 0000 		lds r24,temp_min
 1192 0598 8093 0000 		sts rasp+3,r24
 1193               	.LM173:
 1194 059c 8091 0000 		lds r24,temp_max
 1195 05a0 00C0      		rjmp .L128
 1196               	.L104:
 1197               	.LM174:
 1198 05a2 8091 0000 		lds r24,umid_min
 1199 05a6 8093 0000 		sts rasp+3,r24
 1200               	.LM175:
 1201 05aa 8091 0000 		lds r24,umid_max
 1202               	.L128:
 1203 05ae 8093 0000 		sts rasp+4,r24
 1204               	.LM176:
 1205 05b2 80E0      		ldi r24,lo8(rasp)
 1206 05b4 90E0      		ldi r25,hi8(rasp)
 1207 05b6 65E0      		ldi r22,lo8(5)
 1208 05b8 70E0      		ldi r23,hi8(5)
 1209 05ba 00D0      		rcall CRC16
 1210               	.LM177:
 1211 05bc 8093 0000 		sts rasp+5,r24
 1212               	.LM178:
 1213 05c0 9093 0000 		sts rasp+6,r25
 1214 05c4 E0E0      		ldi r30,lo8(rasp)
 1215 05c6 F0E0      		ldi r31,hi8(rasp)
 1216               	.L107:
 1217               	.LBB192:
 1218               	.LM179:
 1219 05c8 8081      		ld r24,Z
 1220               	.L106:
 1221               	.LBB193:
 1222               	.LBB194:
 1223               	.LM180:
 1224 05ca 5D9B      		sbis 43-32,5
 1225 05cc 00C0      		rjmp .L106
 1226               	.LM181:
 1227 05ce 8CB9      		out 44-32,r24
 1228 05d0 3196      		adiw r30,1
 1229               	.LBE194:
 1230               	.LBE193:
 1231               	.LM182:
 1232 05d2 80E0      		ldi r24,hi8(rasp+7)
 1233 05d4 E030      		cpi r30,lo8(rasp+7)
 1234 05d6 F807      		cpc r31,r24
 1235 05d8 01F4      		brne .L107
 1236               	.LBE192:
 1237               	.LM183:
 1238 05da 84E0      		ldi r24,lo8(4)
 1239 05dc 8093 0000 		sts rasp+1,r24
 1240 05e0 00C0      		rjmp .L130
 1241               	.L103:
 1242               	.LBE191:
 1243               	.LM184:
 1244 05e2 842F      		mov r24,r20
 1245               	.L132:
 1246 05e4 00D0      		rcall respondFunctionError
 1247               	.LBB195:
 1248               	.LBB196:
 1249               	.LBB197:
 1250               	.LBB198:
 1251               	.LBB199:
 1252               	.LBB200:
 1253               	.LM185:
 1254 05e6 C801      		movw r24,r16
 1255               	.LVL46:
 1256 05e8 00C0      		rjmp .L131
 1257               	.LVL47:
 1258               	.L95:
 1259               	.LBE200:
 1260               	.LBE199:
 1261               	.LBE198:
 1262               	.LBE197:
 1263               	.LBE196:
 1264               	.LBE195:
 1265               	.LM186:
 1266 05ea 8A81      		ldd r24,Y+2
 1267 05ec 8823      		tst r24
 1268 05ee 01F0      		breq .L108
 1269               	.LM187:
 1270 05f0 00D0      		rcall respondAddressError
 1271               	.LM188:
 1272 05f2 AB98      		cbi 53-32,3
 1273               	.LBB201:
 1274               	.LBB202:
 1275               	.LBB203:
 1276               	.LBB204:
 1277               	.LM189:
 1278 05f4 C801      		movw r24,r16
 1279               	.LVL48:
 1280               	/* #APP */
 1281               	 ;  105 "c:/winavr-20100110/lib/gcc/../../avr/include/util/delay_basic.h" 1
 1282 05f6 0197      		1: sbiw r24,1
 1283 05f8 01F4      		brne 1b
 1284               	 ;  0 "" 2
 1285               	/* #NOAPP */
 1286 05fa 00C0      		rjmp .L119
 1287               	.LVL49:
 1288               	.L108:
 1289               	.LBE204:
 1290               	.LBE203:
 1291               	.LBE202:
 1292               	.LBE201:
 1293               	.LM190:
 1294 05fc 9B81      		ldd r25,Y+3
 1295 05fe 892F      		mov r24,r25
 1296 0600 8150      		subi r24,lo8(-(-1))
 1297 0602 8230      		cpi r24,lo8(2)
 1298 0604 00F0      		brlo .L109
 1299 0606 22E0      		ldi r18,lo8(2)
 1300               	.LVL50:
 1301 0608 00C0      		rjmp .L110
 1302               	.LVL51:
 1303               	.L109:
 1304 060a 8C81      		ldd r24,Y+4
 1305               	.LM191:
 1306 060c 9230      		cpi r25,lo8(2)
 1307 060e 01F4      		brne .L111
 1308               	.LM192:
 1309 0610 8823      		tst r24
 1310 0612 01F4      		brne .L114
 1311 0614 8D81      		ldd r24,Y+5
 1312 0616 8130      		cpi r24,lo8(1)
 1313 0618 01F4      		brne .L114
 1314               	.L113:
 1315               	.LBB205:
 1316               	.LM193:
 1317 061a 9093 0000 		sts rasp+2,r25
 1318               	.LM194:
 1319 061e 2091 0000 		lds r18,hum_u
 1320 0622 3091 0000 		lds r19,(hum_u)+1
 1321 0626 00C0      		rjmp .L129
 1322               	.L111:
 1323               	.LBE205:
 1324               	.LM195:
 1325 0628 8823      		tst r24
 1326 062a 01F4      		brne .L114
 1327 062c 8D81      		ldd r24,Y+5
 1328 062e 8330      		cpi r24,lo8(3)
 1329 0630 00F0      		brlo .L115
 1330               	.L114:
 1331               	.LM196:
 1332 0632 00D0      		rcall respondAddressError
 1333 0634 00C0      		rjmp .L130
 1334               	.L115:
 1335 0636 2091 0000 		lds r18,temp_u
 1336 063a 3091 0000 		lds r19,(temp_u)+1
 1337               	.LM197:
 1338 063e 8130      		cpi r24,lo8(1)
 1339 0640 01F4      		brne .L116
 1340               	.LBB206:
 1341               	.LM198:
 1342 0642 82E0      		ldi r24,lo8(2)
 1343 0644 8093 0000 		sts rasp+2,r24
 1344               	.L129:
 1345               	.LM199:
 1346 0648 832F      		mov r24,r19
 1347 064a 9927      		clr r25
 1348 064c 87FD      		sbrc r24,7
 1349 064e 9A95      		dec r25
 1350 0650 8093 0000 		sts rasp+3,r24
 1351               	.LM200:
 1352 0654 2093 0000 		sts rasp+4,r18
 1353               	.LM201:
 1354 0658 80E0      		ldi r24,lo8(rasp)
 1355 065a 90E0      		ldi r25,hi8(rasp)
 1356 065c 65E0      		ldi r22,lo8(5)
 1357 065e 70E0      		ldi r23,hi8(5)
 1358 0660 00D0      		rcall CRC16
 1359               	.LM202:
 1360 0662 8093 0000 		sts rasp+5,r24
 1361               	.LM203:
 1362 0666 9093 0000 		sts rasp+6,r25
 1363 066a 27E0      		ldi r18,lo8(7)
 1364               	.LVL52:
 1365 066c 00C0      		rjmp .L110
 1366               	.LVL53:
 1367               	.L116:
 1368               	.LBE206:
 1369               	.LBB207:
 1370               	.LM204:
 1371 066e 4093 0000 		sts rasp+2,r20
 1372               	.LM205:
 1373 0672 832F      		mov r24,r19
 1374 0674 9927      		clr r25
 1375 0676 87FD      		sbrc r24,7
 1376 0678 9A95      		dec r25
 1377 067a 8093 0000 		sts rasp+3,r24
 1378               	.LM206:
 1379 067e 2093 0000 		sts rasp+4,r18
 1380               	.LM207:
 1381 0682 2091 0000 		lds r18,hum_u
 1382 0686 3091 0000 		lds r19,(hum_u)+1
 1383 068a 832F      		mov r24,r19
 1384 068c 9927      		clr r25
 1385 068e 87FD      		sbrc r24,7
 1386 0690 9A95      		dec r25
 1387 0692 8093 0000 		sts rasp+5,r24
 1388               	.LM208:
 1389 0696 2093 0000 		sts rasp+6,r18
 1390               	.LM209:
 1391 069a 80E0      		ldi r24,lo8(rasp)
 1392 069c 90E0      		ldi r25,hi8(rasp)
 1393 069e 67E0      		ldi r22,lo8(7)
 1394 06a0 70E0      		ldi r23,hi8(7)
 1395 06a2 00D0      		rcall CRC16
 1396               	.LM210:
 1397 06a4 8093 0000 		sts rasp+7,r24
 1398               	.LM211:
 1399 06a8 9093 0000 		sts rasp+8,r25
 1400 06ac 29E0      		ldi r18,lo8(9)
 1401               	.LVL54:
 1402               	.L110:
 1403 06ae 80E0      		ldi r24,lo8(0)
 1404 06b0 90E0      		ldi r25,hi8(0)
 1405               	.L118:
 1406               	.LBE207:
 1407               	.LBB208:
 1408               	.LM212:
 1409 06b2 FC01      		movw r30,r24
 1410 06b4 E050      		subi r30,lo8(-(rasp))
 1411 06b6 F040      		sbci r31,hi8(-(rasp))
 1412 06b8 E081      		ld r30,Z
 1413               	.L117:
 1414               	.LBB209:
 1415               	.LBB210:
 1416               	.LM213:
 1417 06ba 5D9B      		sbis 43-32,5
 1418 06bc 00C0      		rjmp .L117
 1419               	.LM214:
 1420 06be ECB9      		out 44-32,r30
 1421 06c0 0196      		adiw r24,1
 1422               	.LBE210:
 1423               	.LBE209:
 1424               	.LM215:
 1425 06c2 8217      		cp r24,r18
 1426 06c4 00F0      		brlo .L118
 1427               	.L130:
 1428               	.LBE208:
 1429               	.LBB211:
 1430               	.LBB212:
 1431               	.LBB213:
 1432               	.LBB214:
 1433               	.LBB215:
 1434               	.LBB216:
 1435               	.LM216:
 1436 06c6 80E4      		ldi r24,lo8(-25536)
 1437 06c8 9CE9      		ldi r25,hi8(-25536)
 1438               	.LVL55:
 1439               	.L131:
 1440               	/* #APP */
 1441               	 ;  105 "c:/winavr-20100110/lib/gcc/../../avr/include/util/delay_basic.h" 1
 1442 06ca 0197      		1: sbiw r24,1
 1443 06cc 01F4      		brne 1b
 1444               	 ;  0 "" 2
 1445               	.LVL56:
 1446               	/* #NOAPP */
 1447               	.LBE216:
 1448               	.LBE215:
 1449               	.LBE214:
 1450               	.LBE213:
 1451               	.LM217:
 1452 06ce AB98      		cbi 53-32,3
 1453               	.LVL57:
 1454               	.L119:
 1455               	/* epilogue start */
 1456               	.LBE212:
 1457               	.LBE211:
 1458               	.LM218:
 1459 06d0 DF91      		pop r29
 1460 06d2 CF91      		pop r28
 1461               	.LVL58:
 1462 06d4 1F91      		pop r17
 1463 06d6 0F91      		pop r16
 1464 06d8 0895      		ret
 1465               	.LFE23:
 1467               	.global	readUmidLimits
 1469               	readUmidLimits:
 1470               	.LFB19:
 1471               	.LM219:
 1472 06da 1F93      		push r17
 1473               	/* prologue: function */
 1474               	/* frame size = 0 */
 1475               	.LM220:
 1476 06dc 8BE0      		ldi r24,lo8(11)
 1477 06de 90E0      		ldi r25,hi8(11)
 1478 06e0 00D0      		rcall __eerd_byte_m8
 1479 06e2 182F      		mov r17,r24
 1480 06e4 8093 0000 		sts umid_min,r24
 1481               	.LM221:
 1482 06e8 8CE0      		ldi r24,lo8(12)
 1483 06ea 90E0      		ldi r25,hi8(12)
 1484 06ec 00D0      		rcall __eerd_byte_m8
 1485 06ee 8093 0000 		sts umid_max,r24
 1486               	.LM222:
 1487 06f2 1F3F      		cpi r17,lo8(-1)
 1488 06f4 01F4      		brne .L134
 1489               	.LM223:
 1490 06f6 1092 0000 		sts umid_min,__zero_reg__
 1491               	.L134:
 1492               	.LM224:
 1493 06fa 8F3F      		cpi r24,lo8(-1)
 1494 06fc 01F4      		brne .L136
 1495               	.LM225:
 1496 06fe 84E6      		ldi r24,lo8(100)
 1497 0700 8093 0000 		sts umid_max,r24
 1498               	.L136:
 1499               	/* epilogue start */
 1500               	.LM226:
 1501 0704 1F91      		pop r17
 1502 0706 0895      		ret
 1503               	.LFE19:
 1505               	.global	readTempLimits
 1507               	readTempLimits:
 1508               	.LFB18:
 1509               	.LM227:
 1510 0708 1F93      		push r17
 1511               	/* prologue: function */
 1512               	/* frame size = 0 */
 1513               	.LM228:
 1514 070a 81E0      		ldi r24,lo8(1)
 1515 070c 90E0      		ldi r25,hi8(1)
 1516 070e 00D0      		rcall __eerd_byte_m8
 1517 0710 182F      		mov r17,r24
 1518 0712 8093 0000 		sts temp_min,r24
 1519               	.LM229:
 1520 0716 82E0      		ldi r24,lo8(2)
 1521 0718 90E0      		ldi r25,hi8(2)
 1522 071a 00D0      		rcall __eerd_byte_m8
 1523 071c 982F      		mov r25,r24
 1524 071e 8093 0000 		sts temp_max,r24
 1525               	.LM230:
 1526 0722 1F3F      		cpi r17,lo8(-1)
 1527 0724 01F4      		brne .L138
 1528               	.LM231:
 1529 0726 8AE0      		ldi r24,lo8(10)
 1530 0728 8093 0000 		sts temp_min,r24
 1531               	.L138:
 1532               	.LM232:
 1533 072c 9F3F      		cpi r25,lo8(-1)
 1534 072e 01F4      		brne .L140
 1535               	.LM233:
 1536 0730 83E2      		ldi r24,lo8(35)
 1537 0732 8093 0000 		sts temp_max,r24
 1538               	.L140:
 1539               	/* epilogue start */
 1540               	.LM234:
 1541 0736 1F91      		pop r17
 1542 0738 0895      		ret
 1543               	.LFE18:
 1545               	.global	main
 1547               	main:
 1548               	.LFB26:
 1549               	.LM235:
 1550 073a 6F92      		push r6
 1551 073c 7F92      		push r7
 1552 073e 8F92      		push r8
 1553 0740 9F92      		push r9
 1554 0742 AF92      		push r10
 1555 0744 BF92      		push r11
 1556 0746 CF92      		push r12
 1557 0748 DF92      		push r13
 1558 074a EF92      		push r14
 1559 074c FF92      		push r15
 1560 074e 0F93      		push r16
 1561 0750 1F93      		push r17
 1562 0752 DF93      		push r29
 1563 0754 CF93      		push r28
 1564 0756 CDB7      		in r28,__SP_L__
 1565 0758 DEB7      		in r29,__SP_H__
 1566 075a 2A97      		sbiw r28,10
 1567 075c 0FB6      		in __tmp_reg__,__SREG__
 1568 075e F894      		cli
 1569 0760 DEBF      		out __SP_H__,r29
 1570 0762 0FBE      		out __SREG__,__tmp_reg__
 1571 0764 CDBF      		out __SP_L__,r28
 1572               	/* prologue: function */
 1573               	/* frame size = 10 */
 1574               	.LM236:
 1575 0766 85E0      		ldi r24,lo8(5)
 1576 0768 8093 0000 		sts rasp_g,r24
 1577               	.LM237:
 1578 076c 8093 0000 		sts rasp,r24
 1579               	.LM238:
 1580 0770 84E0      		ldi r24,lo8(4)
 1581 0772 8093 0000 		sts rasp+1,r24
 1582               	.LM239:
 1583 0776 87E6      		ldi r24,lo8(103)
 1584 0778 90E0      		ldi r25,hi8(103)
 1585 077a 00D0      		rcall USARTInit
 1586               	.LM240:
 1587 077c 85B3      		in r24,53-32
 1588 077e 8063      		ori r24,lo8(48)
 1589 0780 85BB      		out 53-32,r24
 1590               	.LM241:
 1591 0782 A39A      		sbi 52-32,3
 1592               	.LM242:
 1593 0784 AB98      		cbi 53-32,3
 1594               	.LM243:
 1595 0786 87B3      		in r24,55-32
 1596 0788 8660      		ori r24,lo8(6)
 1597 078a 87BB      		out 55-32,r24
 1598               	.LM244:
 1599 078c C198      		cbi 56-32,1
 1600               	.LM245:
 1601 078e C298      		cbi 56-32,2
 1602               	.LM246:
 1603 0790 00D0      		rcall readUmidLimits
 1604               	.LM247:
 1605 0792 00D0      		rcall readTempLimits
 1606               	.LM248:
 1607 0794 00D0      		rcall I2CInit
 1608               	.LBB217:
 1609               	.LBB218:
 1610               	.LBB219:
 1611               	.LBB220:
 1612               	.LBB221:
 1613               	.LBB222:
 1614               	.LM249:
 1615 0796 10E9      		ldi r17,lo8(400)
 1616 0798 612E      		mov r6,r17
 1617 079a 11E0      		ldi r17,hi8(400)
 1618 079c 712E      		mov r7,r17
 1619               	.LBE222:
 1620               	.LBE221:
 1621               	.LBE220:
 1622               	.LBE219:
 1623               	.LBE218:
 1624               	.LBE217:
 1625               	.LM250:
 1626 079e 7E01      		movw r14,r28
 1627               	.LVL59:
 1628 07a0 0894      		sec
 1629 07a2 E11C      		adc r14,__zero_reg__
 1630 07a4 F11C      		adc r15,__zero_reg__
 1631               	.LM251:
 1632 07a6 B2E0      		ldi r27,lo8(2)
 1633 07a8 AB2E      		mov r10,r27
 1634 07aa B12C      		mov r11,__zero_reg__
 1635 07ac AC0E      		add r10,r28
 1636 07ae BD1E      		adc r11,r29
 1637               	.LM252:
 1638 07b0 A9E0      		ldi r26,lo8(9)
 1639 07b2 CA2E      		mov r12,r26
 1640 07b4 D12C      		mov r13,__zero_reg__
 1641 07b6 CC0E      		add r12,r28
 1642 07b8 DD1E      		adc r13,r29
 1643               	.LBB228:
 1644               	.LBB229:
 1645               	.LBB230:
 1646               	.LBB231:
 1647               	.LM253:
 1648 07ba F0EE      		ldi r31,lo8(12000)
 1649 07bc 8F2E      		mov r8,r31
 1650 07be FEE2      		ldi r31,hi8(12000)
 1651 07c0 9F2E      		mov r9,r31
 1652               	.LVL60:
 1653               	.L157:
 1654               	.LBE231:
 1655               	.LBE230:
 1656               	.LBE229:
 1657               	.LBE228:
 1658               	.LBB235:
 1659               	.LBB227:
 1660               	.LBB226:
 1661               	.LBB225:
 1662               	.LBB224:
 1663               	.LBB223:
 1664 07c2 C301      		movw r24,r6
 1665               	.LVL61:
 1666               	/* #APP */
 1667               	 ;  105 "c:/winavr-20100110/lib/gcc/../../avr/include/util/delay_basic.h" 1
 1668 07c4 0197      		1: sbiw r24,1
 1669 07c6 01F4      		brne 1b
 1670               	 ;  0 "" 2
 1671               	/* #NOAPP */
 1672               	.LBE223:
 1673               	.LBE224:
 1674               	.LBE225:
 1675               	.LBE226:
 1676               	.LBE227:
 1677               	.LBE235:
 1678               	.LM254:
 1679 07c8 00D0      		rcall UDataAvailable
 1680               	.LVL62:
 1681 07ca 8823      		tst r24
 1682 07cc 01F0      		breq .L142
 1683 07ce 8701      		movw r16,r14
 1684 07d0 00C0      		rjmp .L143
 1685               	.LVL63:
 1686               	.L149:
 1687               	.LM255:
 1688 07d2 00D0      		rcall UReadData
 1689 07d4 F801      		movw r30,r16
 1690 07d6 8193      		st Z+,r24
 1691               	.LM256:
 1692 07d8 EA15      		cp r30,r10
 1693 07da FB05      		cpc r31,r11
 1694 07dc 01F0      		breq .L144
 1695               	.LVL64:
 1696 07de 8F01      		movw r16,r30
 1697 07e0 00C0      		rjmp .L145
 1698               	.L144:
 1699 07e2 8981      		ldd r24,Y+1
 1700 07e4 813F      		cpi r24,lo8(-15)
 1701 07e6 00F0      		brlo .L146
 1702               	.L145:
 1703               	.LM257:
 1704 07e8 C016      		cp r12,r16
 1705 07ea D106      		cpc r13,r17
 1706 07ec 00F4      		brsh .L147
 1707               	.LVL65:
 1708               	.LM258:
 1709 07ee 00D0      		rcall UFlushBuffer
 1710 07f0 00C0      		rjmp .L148
 1711               	.LVL66:
 1712               	.L146:
 1713 07f2 8501      		movw r16,r10
 1714               	.LVL67:
 1715               	.L147:
 1716               	.LBB236:
 1717               	.LBB234:
 1718               	.LBB233:
 1719               	.LBB232:
 1720               	.LM259:
 1721 07f4 C401      		movw r24,r8
 1722               	.LVL68:
 1723               	/* #APP */
 1724               	 ;  105 "c:/winavr-20100110/lib/gcc/../../avr/include/util/delay_basic.h" 1
 1725 07f6 0197      		1: sbiw r24,1
 1726 07f8 01F4      		brne 1b
 1727               	 ;  0 "" 2
 1728               	/* #NOAPP */
 1729               	.L143:
 1730               	.LBE232:
 1731               	.LBE233:
 1732               	.LBE234:
 1733               	.LBE236:
 1734               	.LM260:
 1735 07fa 00D0      		rcall UDataAvailable
 1736               	.LVL69:
 1737 07fc 8823      		tst r24
 1738 07fe 01F4      		brne .L149
 1739               	.LM261:
 1740 0800 0C15      		cp r16,r12
 1741 0802 1D05      		cpc r17,r13
 1742 0804 00F0      		brlo .L142
 1743               	.L148:
 1744               	.LBB237:
 1745               	.LM262:
 1746 0806 C701      		movw r24,r14
 1747 0808 66E0      		ldi r22,lo8(6)
 1748 080a 70E0      		ldi r23,hi8(6)
 1749 080c 00D0      		rcall CRC16
 1750 080e AC01      		movw r20,r24
 1751               	.LVL70:
 1752               	.LM263:
 1753 0810 9C01      		movw r18,r24
 1754 0812 3070      		andi r19,hi8(255)
 1755 0814 8F81      		ldd r24,Y+7
 1756 0816 90E0      		ldi r25,lo8(0)
 1757 0818 2817      		cp r18,r24
 1758 081a 3907      		cpc r19,r25
 1759 081c 01F4      		brne .L142
 1760               	.LVL71:
 1761               	.LM264:
 1762 081e 252F      		mov r18,r21
 1763 0820 3327      		clr r19
 1764 0822 8885      		ldd r24,Y+8
 1765 0824 90E0      		ldi r25,lo8(0)
 1766 0826 2817      		cp r18,r24
 1767 0828 3907      		cpc r19,r25
 1768 082a 01F4      		brne .L142
 1769               	.LM265:
 1770 082c 8981      		ldd r24,Y+1
 1771 082e 8530      		cpi r24,lo8(5)
 1772 0830 01F4      		brne .L142
 1773               	.LM266:
 1774 0832 C701      		movw r24,r14
 1775 0834 00D0      		rcall respondModbus
 1776               	.LVL72:
 1777               	.L142:
 1778               	.LBE237:
 1779               	.LM267:
 1780 0836 00D0      		rcall UFlushBuffer
 1781               	.LVL73:
 1782               	.LM268:
 1783 0838 8091 0000 		lds r24,sum_timp
 1784 083c 9091 0000 		lds r25,(sum_timp)+1
 1785 0840 0196      		adiw r24,1
 1786 0842 9093 0000 		sts (sum_timp)+1,r25
 1787 0846 8093 0000 		sts sum_timp,r24
 1788 084a 8052      		subi r24,lo8(20000)
 1789 084c 9E44      		sbci r25,hi8(20000)
 1790 084e 04F4      		brge .+2
 1791 0850 00C0      		rjmp .L157
 1792               	.LM269:
 1793 0852 00D0      		rcall readTempHum
 1794               	.LM270:
 1795 0854 2091 0000 		lds r18,temp_u
 1796 0858 3091 0000 		lds r19,(temp_u)+1
 1797 085c 8091 0000 		lds r24,temp_min
 1798 0860 90E0      		ldi r25,lo8(0)
 1799 0862 2817      		cp r18,r24
 1800 0864 3907      		cpc r19,r25
 1801 0866 04F0      		brlt .L151
 1802 0868 8091 0000 		lds r24,temp_max
 1803 086c 90E0      		ldi r25,lo8(0)
 1804 086e 8217      		cp r24,r18
 1805 0870 9307      		cpc r25,r19
 1806 0872 04F0      		brlt .L151
 1807 0874 2091 0000 		lds r18,hum_u
 1808 0878 3091 0000 		lds r19,(hum_u)+1
 1809 087c 8091 0000 		lds r24,umid_min
 1810 0880 90E0      		ldi r25,lo8(0)
 1811 0882 2817      		cp r18,r24
 1812 0884 3907      		cpc r19,r25
 1813 0886 04F0      		brlt .L151
 1814 0888 8091 0000 		lds r24,umid_max
 1815 088c 90E0      		ldi r25,lo8(0)
 1816 088e 8217      		cp r24,r18
 1817 0890 9307      		cpc r25,r19
 1818 0892 04F4      		brge .L152
 1819               	.L151:
 1820               	.LM271:
 1821 0894 C19A      		sbi 56-32,1
 1822               	.LM272:
 1823 0896 C29A      		sbi 56-32,2
 1824 0898 00C0      		rjmp .L153
 1825               	.L152:
 1826               	.LM273:
 1827 089a C198      		cbi 56-32,1
 1828               	.LM274:
 1829 089c C298      		cbi 56-32,2
 1830               	.L153:
 1831               	.LM275:
 1832 089e 1092 0000 		sts (sum_timp)+1,__zero_reg__
 1833 08a2 1092 0000 		sts sum_timp,__zero_reg__
 1834 08a6 00C0      		rjmp .L157
 1835               	.LFE26:
 1837               	.global	temp_u
 1838               	.global	temp_u
 1839               		.section .bss
 1842               	temp_u:
 1843 0000 0000      		.skip 2,0
 1844               	.global	temp_d
 1845               	.global	temp_d
 1848               	temp_d:
 1849 0002 0000      		.skip 2,0
 1850               	.global	hum_u
 1851               	.global	hum_u
 1854               	hum_u:
 1855 0004 0000      		.skip 2,0
 1856               	.global	hum_d
 1857               	.global	hum_d
 1860               	hum_d:
 1861 0006 0000      		.skip 2,0
 1862               	.global	sum_timp
 1863               	.global	sum_timp
 1866               	sum_timp:
 1867 0008 0000      		.skip 2,0
 1868               	.global	readParameter
 1869               		.data
 1872               	readParameter:
 1873 0010 43        		.byte	67
 1874               	.global	temp_min
 1877               	temp_min:
 1878 0011 0A        		.byte	10
 1879               	.global	temp_max
 1882               	temp_max:
 1883 0012 23        		.byte	35
 1884               	.global	umid_min
 1885               	.global	umid_min
 1886               		.section .bss
 1889               	umid_min:
 1890 000a 00        		.skip 1,0
 1891               	.global	umid_max
 1892               		.data
 1895               	umid_max:
 1896 0013 64        		.byte	100
 1897               		.comm URBuff,64,1
 1898               		.comm UQFront,1,1
 1899               		.comm UQEnd,1,1
 1900               		.comm rasp_g,10,1
 1901               		.comm rasp,10,1
 2078               	.Letext0:
DEFINED SYMBOLS
                            *ABS*:00000000 main.c
C:\Users\ROLAND~1.CLE\AppData\Local\Temp/cc8Mp7Bb.s:2      *ABS*:0000003f __SREG__
C:\Users\ROLAND~1.CLE\AppData\Local\Temp/cc8Mp7Bb.s:3      *ABS*:0000003e __SP_H__
C:\Users\ROLAND~1.CLE\AppData\Local\Temp/cc8Mp7Bb.s:4      *ABS*:0000003d __SP_L__
C:\Users\ROLAND~1.CLE\AppData\Local\Temp/cc8Mp7Bb.s:5      *ABS*:00000034 __CCP__
C:\Users\ROLAND~1.CLE\AppData\Local\Temp/cc8Mp7Bb.s:6      *ABS*:00000000 __tmp_reg__
C:\Users\ROLAND~1.CLE\AppData\Local\Temp/cc8Mp7Bb.s:7      *ABS*:00000001 __zero_reg__
C:\Users\ROLAND~1.CLE\AppData\Local\Temp/cc8Mp7Bb.s:18     .text:00000000 USARTInit
                            *COM*:00000001 UQEnd
                            *COM*:00000001 UQFront
C:\Users\ROLAND~1.CLE\AppData\Local\Temp/cc8Mp7Bb.s:54     .text:0000001e __vector_11
                            *COM*:00000040 URBuff
C:\Users\ROLAND~1.CLE\AppData\Local\Temp/cc8Mp7Bb.s:151    .text:000000c6 UReadData
C:\Users\ROLAND~1.CLE\AppData\Local\Temp/cc8Mp7Bb.s:205    .text:00000118 UWriteData
C:\Users\ROLAND~1.CLE\AppData\Local\Temp/cc8Mp7Bb.s:224    .text:00000120 UDataAvailable
C:\Users\ROLAND~1.CLE\AppData\Local\Temp/cc8Mp7Bb.s:270    .text:00000164 UWriteString
C:\Users\ROLAND~1.CLE\AppData\Local\Temp/cc8Mp7Bb.s:304    .text:00000178 UReadBuffer
C:\Users\ROLAND~1.CLE\AppData\Local\Temp/cc8Mp7Bb.s:354    .text:000001ae UFlushBuffer
C:\Users\ROLAND~1.CLE\AppData\Local\Temp/cc8Mp7Bb.s:375    .text:000001ba CRC16
C:\Users\ROLAND~1.CLE\AppData\Local\Temp/cc8Mp7Bb.s:460    .text:00000210 respondAddressError
                            *COM*:0000000a rasp_g
C:\Users\ROLAND~1.CLE\AppData\Local\Temp/cc8Mp7Bb.s:511    .text:00000246 respondFunctionError
C:\Users\ROLAND~1.CLE\AppData\Local\Temp/cc8Mp7Bb.s:564    .text:0000027c listen485
C:\Users\ROLAND~1.CLE\AppData\Local\Temp/cc8Mp7Bb.s:596    .text:00000288 clearBuffer
C:\Users\ROLAND~1.CLE\AppData\Local\Temp/cc8Mp7Bb.s:637    .text:000002a0 readTempHum
C:\Users\ROLAND~1.CLE\AppData\Local\Temp/cc8Mp7Bb.s:1842   .bss:00000000 temp_u
C:\Users\ROLAND~1.CLE\AppData\Local\Temp/cc8Mp7Bb.s:1848   .bss:00000002 temp_d
C:\Users\ROLAND~1.CLE\AppData\Local\Temp/cc8Mp7Bb.s:1854   .bss:00000004 hum_u
C:\Users\ROLAND~1.CLE\AppData\Local\Temp/cc8Mp7Bb.s:1860   .bss:00000006 hum_d
C:\Users\ROLAND~1.CLE\AppData\Local\Temp/cc8Mp7Bb.s:1872   .data:00000010 readParameter
C:\Users\ROLAND~1.CLE\AppData\Local\Temp/cc8Mp7Bb.s:1002   .text:000004c2 writeUmidLimits
C:\Users\ROLAND~1.CLE\AppData\Local\Temp/cc8Mp7Bb.s:1889   .bss:0000000a umid_min
C:\Users\ROLAND~1.CLE\AppData\Local\Temp/cc8Mp7Bb.s:1895   .data:00000013 umid_max
C:\Users\ROLAND~1.CLE\AppData\Local\Temp/cc8Mp7Bb.s:1024   .text:000004d8 writeTempLimits
C:\Users\ROLAND~1.CLE\AppData\Local\Temp/cc8Mp7Bb.s:1877   .data:00000011 temp_min
C:\Users\ROLAND~1.CLE\AppData\Local\Temp/cc8Mp7Bb.s:1882   .data:00000012 temp_max
C:\Users\ROLAND~1.CLE\AppData\Local\Temp/cc8Mp7Bb.s:1046   .text:000004ee respondModbus
                            *COM*:0000000a rasp
C:\Users\ROLAND~1.CLE\AppData\Local\Temp/cc8Mp7Bb.s:1469   .text:000006da readUmidLimits
C:\Users\ROLAND~1.CLE\AppData\Local\Temp/cc8Mp7Bb.s:1507   .text:00000708 readTempLimits
C:\Users\ROLAND~1.CLE\AppData\Local\Temp/cc8Mp7Bb.s:1547   .text:0000073a main
C:\Users\ROLAND~1.CLE\AppData\Local\Temp/cc8Mp7Bb.s:1866   .bss:00000008 sum_timp

UNDEFINED SYMBOLS
strcpy
readTemp
readHum
__fixsfsi
__mulsf3
__divmodhi4
itoa
strcat
I2CStart
I2C_IsBusy
I2CWriteByte
strstr
I2CStop
__eewr_byte_m8
__eerd_byte_m8
I2CInit
__do_copy_data
__do_clear_bss
